# JRE version: Java(TM) SE Runtime Environment (8.0_202-b08) (build 1.8.0_202-b08)
# Java VM: Java HotSpot(TM) 64-Bit Server VM (25.202-b08 mixed mode windows-amd64 compressed oops)
Heap:
 PSYoungGen      total 896512K, used 374004K [0x000000076b400000, 0x00000007bd900000, 0x00000007c0000000)
  eden space 868864K, 40% used [0x000000076b400000,0x0000000780e02060,0x00000007a0480000)
  from space 27648K, 71% used [0x00000007a0480000,0x00000007a17bb320,0x00000007a1f80000)
  to   space 28672K, 0% used [0x00000007bbd00000,0x00000007bbd00000,0x00000007bd900000)
 ParOldGen       total 183296K, used 69150K [0x00000006c1c00000, 0x00000006ccf00000, 0x000000076b400000)
  object space 183296K, 37% used [0x00000006c1c00000,0x00000006c5f87890,0x00000006ccf00000)
 Metaspace       used 79425K, capacity 83832K, committed 83880K, reserved 1122304K
  class space    used 10710K, capacity 11427K, committed 11440K, reserved 1048576K
GC Heap History (10 events):
Event: 18.210 GC heap before
{Heap before GC invocations=14 (full 2):
 PSYoungGen      total 465408K, used 29288K [0x000000076b400000, 0x0000000791280000, 0x00000007c0000000)
  eden space 442880K, 2% used [0x000000076b400000,0x000000076c05af68,0x0000000786480000)
  from space 22528K, 73% used [0x0000000786480000,0x00000007874bf3c0,0x0000000787a80000)
  to   space 23040K, 0% used [0x000000078fc00000,0x000000078fc00000,0x0000000791280000)
 ParOldGen       total 146944K, used 44459K [0x00000006c1c00000, 0x00000006cab80000, 0x000000076b400000)
  object space 146944K, 30% used [0x00000006c1c00000,0x00000006c476aef0,0x00000006cab80000)
 Metaspace       used 56573K, capacity 59050K, committed 59160K, reserved 1099776K
  class space    used 7544K, capacity 8035K, committed 8112K, reserved 1048576K
Event: 18.220 GC heap after
Heap after GC invocations=14 (full 2):
 PSYoungGen      total 598528K, used 7706K [0x000000076b400000, 0x0000000797f80000, 0x00000007c0000000)
  eden space 575488K, 0% used [0x000000076b400000,0x000000076b400000,0x000000078e600000)
  from space 23040K, 33% used [0x000000078fc00000,0x00000007903868f0,0x0000000791280000)
  to   space 22528K, 0% used [0x000000078e600000,0x000000078e600000,0x000000078fc00000)
 ParOldGen       total 146944K, used 49959K [0x00000006c1c00000, 0x00000006cab80000, 0x000000076b400000)
  object space 146944K, 33% used [0x00000006c1c00000,0x00000006c4cc9ef8,0x00000006cab80000)
 Metaspace       used 56573K, capacity 59050K, committed 59160K, reserved 1099776K
  class space    used 7544K, capacity 8035K, committed 8112K, reserved 1048576K
}
Event: 18.220 GC heap before
{Heap before GC invocations=15 (full 3):
 PSYoungGen      total 598528K, used 7706K [0x000000076b400000, 0x0000000797f80000, 0x00000007c0000000)
  eden space 575488K, 0% used [0x000000076b400000,0x000000076b400000,0x000000078e600000)
  from space 23040K, 33% used [0x000000078fc00000,0x00000007903868f0,0x0000000791280000)
  to   space 22528K, 0% used [0x000000078e600000,0x000000078e600000,0x000000078fc00000)
 ParOldGen       total 146944K, used 49959K [0x00000006c1c00000, 0x00000006cab80000, 0x000000076b400000)
  object space 146944K, 33% used [0x00000006c1c00000,0x00000006c4cc9ef8,0x00000006cab80000)
 Metaspace       used 56573K, capacity 59050K, committed 59160K, reserved 1099776K
  class space    used 7544K, capacity 8035K, committed 8112K, reserved 1048576K
Event: 18.392 GC heap after
Heap after GC invocations=15 (full 3):
 PSYoungGen      total 598528K, used 0K [0x000000076b400000, 0x0000000797f80000, 0x00000007c0000000)
  eden space 575488K, 0% used [0x000000076b400000,0x000000076b400000,0x000000078e600000)
  from space 23040K, 0% used [0x000000078fc00000,0x000000078fc00000,0x0000000791280000)
  to   space 22528K, 0% used [0x000000078e600000,0x000000078e600000,0x000000078fc00000)
 ParOldGen       total 183296K, used 40159K [0x00000006c1c00000, 0x00000006ccf00000, 0x000000076b400000)
  object space 183296K, 21% used [0x00000006c1c00000,0x00000006c4337f38,0x00000006ccf00000)
 Metaspace       used 56573K, capacity 59050K, committed 59160K, reserved 1099776K
  class space    used 7544K, capacity 8035K, committed 8112K, reserved 1048576K
}
Event: 21.902 GC heap before
{Heap before GC invocations=16 (full 3):
 PSYoungGen      total 598528K, used 575488K [0x000000076b400000, 0x0000000797f80000, 0x00000007c0000000)
  eden space 575488K, 100% used [0x000000076b400000,0x000000078e600000,0x000000078e600000)
  from space 23040K, 0% used [0x000000078fc00000,0x000000078fc00000,0x0000000791280000)
  to   space 22528K, 0% used [0x000000078e600000,0x000000078e600000,0x000000078fc00000)
 ParOldGen       total 183296K, used 40159K [0x00000006c1c00000, 0x00000006ccf00000, 0x000000076b400000)
  object space 183296K, 21% used [0x00000006c1c00000,0x00000006c4337f38,0x00000006ccf00000)
 Metaspace       used 64859K, capacity 67660K, committed 67880K, reserved 1107968K
  class space    used 8639K, capacity 9159K, committed 9264K, reserved 1048576K
Event: 21.929 GC heap after
Heap after GC invocations=16 (full 3):
 PSYoungGen      total 598016K, used 22513K [0x000000076b400000, 0x00000007a4780000, 0x00000007c0000000)
  eden space 575488K, 0% used [0x000000076b400000,0x000000076b400000,0x000000078e600000)
  from space 22528K, 99% used [0x000000078e600000,0x000000078fbfc668,0x000000078fc00000)
  to   space 29184K, 0% used [0x00000007a2b00000,0x00000007a2b00000,0x00000007a4780000)
 ParOldGen       total 183296K, used 49009K [0x00000006c1c00000, 0x00000006ccf00000, 0x000000076b400000)
  object space 183296K, 26% used [0x00000006c1c00000,0x00000006c4bdc410,0x00000006ccf00000)
 Metaspace       used 64859K, capacity 67660K, committed 67880K, reserved 1107968K
  class space    used 8639K, capacity 9159K, committed 9264K, reserved 1048576K
}
Event: 24.488 GC heap before
{Heap before GC invocations=17 (full 3):
 PSYoungGen      total 598016K, used 598001K [0x000000076b400000, 0x00000007a4780000, 0x00000007c0000000)
  eden space 575488K, 100% used [0x000000076b400000,0x000000078e600000,0x000000078e600000)
  from space 22528K, 99% used [0x000000078e600000,0x000000078fbfc668,0x000000078fc00000)
  to   space 29184K, 0% used [0x00000007a2b00000,0x00000007a2b00000,0x00000007a4780000)
 ParOldGen       total 183296K, used 49009K [0x00000006c1c00000, 0x00000006ccf00000, 0x000000076b400000)
  object space 183296K, 26% used [0x00000006c1c00000,0x00000006c4bdc410,0x00000006ccf00000)
 Metaspace       used 68165K, capacity 71314K, committed 71592K, reserved 1112064K
  class space    used 9077K, capacity 9634K, committed 9648K, reserved 1048576K
Event: 24.510 GC heap after
Heap after GC invocations=17 (full 3):
 PSYoungGen      total 884736K, used 13260K [0x000000076b400000, 0x00000007a3a80000, 0x00000007c0000000)
  eden space 868864K, 0% used [0x000000076b400000,0x000000076b400000,0x00000007a0480000)
  from space 15872K, 83% used [0x00000007a2b00000,0x00000007a37f33e0,0x00000007a3a80000)
  to   space 27648K, 0% used [0x00000007a0480000,0x00000007a0480000,0x00000007a1f80000)
 ParOldGen       total 183296K, used 63582K [0x00000006c1c00000, 0x00000006ccf00000, 0x000000076b400000)
  object space 183296K, 34% used [0x00000006c1c00000,0x00000006c5a17820,0x00000006ccf00000)
 Metaspace       used 68165K, capacity 71314K, committed 71592K, reserved 1112064K
  class space    used 9077K, capacity 9634K, committed 9648K, reserved 1048576K
}
Event: 31.563 GC heap before
{Heap before GC invocations=18 (full 3):
 PSYoungGen      total 884736K, used 882124K [0x000000076b400000, 0x00000007a3a80000, 0x00000007c0000000)
  eden space 868864K, 100% used [0x000000076b400000,0x00000007a0480000,0x00000007a0480000)
  from space 15872K, 83% used [0x00000007a2b00000,0x00000007a37f33e0,0x00000007a3a80000)
  to   space 27648K, 0% used [0x00000007a0480000,0x00000007a0480000,0x00000007a1f80000)
 ParOldGen       total 183296K, used 63582K [0x00000006c1c00000, 0x00000006ccf00000, 0x000000076b400000)
  object space 183296K, 34% used [0x00000006c1c00000,0x00000006c5a17820,0x00000006ccf00000)
 Metaspace       used 74011K, capacity 77940K, committed 78248K, reserved 1116160K
  class space    used 9918K, capacity 10579K, committed 10672K, reserved 1048576K
Event: 31.585 GC heap after
Heap after GC invocations=18 (full 3):
 PSYoungGen      total 896512K, used 19692K [0x000000076b400000, 0x00000007bd900000, 0x00000007c0000000)
  eden space 868864K, 0% used [0x000000076b400000,0x000000076b400000,0x00000007a0480000)
  from space 27648K, 71% used [0x00000007a0480000,0x00000007a17bb320,0x00000007a1f80000)
  to   space 28672K, 0% used [0x00000007bbd00000,0x00000007bbd00000,0x00000007bd900000)
 ParOldGen       total 183296K, used 69150K [0x00000006c1c00000, 0x00000006ccf00000, 0x000000076b400000)
  object space 183296K, 37% used [0x00000006c1c00000,0x00000006c5f87890,0x00000006ccf00000)
 Metaspace       used 74011K, capacity 77940K, committed 78248K, reserved 1116160K
  class space    used 9918K, capacity 10579K, committed 10672K, reserved 1048576K
}

